Started by user [8mha:////4OKGIjEr0qF/rzPvDU1OYNdO2pj2gqRDn2ZyZJOcSz8ZAAAAoR+LCAAAAAAAAP9b85aBtbiIQTGjNKU4P08vOT+vOD8nVc83PyU1x6OyILUoJzMv2y+/JJUBAhiZGBgqihhk0NSjKDWzXb3RdlLBUSYGJk8GtpzUvPSSDB8G5tKinBIGIZ+sxLJE/ZzEvHT94JKizLx0a6BxUmjGOUNodHsLgAz1EgZR/dLi1CL9osTczLyU1CK94sSc0qxEABA1KVLKAAAA[0mRaminder Singh Saluja (raminder.saluja)
Building in workspace /var/lib/jenkins/workspace/cicdRFIReleaseMaster
[WS-CLEANUP] Deleting project workspace...
[WS-CLEANUP] Done
Cloning the remote Git repository
Cloning repository git@github.com:Karsun/cicddemo.git
 > git init /var/lib/jenkins/workspace/cicdRFIReleaseMaster # timeout=10
Fetching upstream changes from git@github.com:Karsun/cicddemo.git
 > git --version # timeout=10
 > git fetch --tags --progress git@github.com:Karsun/cicddemo.git +refs/heads/*:refs/remotes/origin/*
 > git config remote.origin.url git@github.com:Karsun/cicddemo.git # timeout=10
 > git config --add remote.origin.fetch +refs/heads/*:refs/remotes/origin/* # timeout=10
 > git config remote.origin.url git@github.com:Karsun/cicddemo.git # timeout=10
Fetching upstream changes from git@github.com:Karsun/cicddemo.git
 > git fetch --tags --progress git@github.com:Karsun/cicddemo.git +refs/heads/*:refs/remotes/origin/*
 > git rev-parse refs/remotes/origin/master^{commit} # timeout=10
 > git rev-parse refs/remotes/origin/origin/master^{commit} # timeout=10
Checking out Revision 405ae27075bb4f403939c525bd1c4945a8a79386 (refs/remotes/origin/master)
Commit message: "Merge pull request #2 from Karsun/release/1.0"
 > git config core.sparsecheckout # timeout=10
 > git checkout -f 405ae27075bb4f403939c525bd1c4945a8a79386
 > git rev-list 405ae27075bb4f403939c525bd1c4945a8a79386 # timeout=10
[cicdRFIReleaseMaster] $ /bin/bash -ex /tmp/jenkins6105389813695340191.sh
+ set +x
New development minor version should be 0, minor version is 
Release branch: 1.0
Release version 1.0.1
Release tag: tag-release-1.0.1
New development: 1.1.0-SNAPSHOT
New minor version 1
New release branch 1.0.1-SNAPSHOT
Switched to a new branch 'release/1.0'
[[1;34mINFO[m] Scanning for projects...
[[1;34mINFO[m] 
[[1;34mINFO[m] [1m------------------------------------------------------------------------[m
[[1;34mINFO[m] [1mBuilding cicddemo 1.0.1-SNAPSHOT[m
[[1;34mINFO[m] [1m------------------------------------------------------------------------[m
[[1;34mINFO[m] 
[[1;34mINFO[m] [1m--- [0;32mversions-maven-plugin:2.2:set[m [1m(default-cli)[m @ [36mcicddemo[0;1m ---[m
[[1;34mINFO[m] Searching for local aggregator root...
[[1;34mINFO[m] Local aggregation root: /var/lib/jenkins/workspace/cicdRFIReleaseMaster
[[1;34mINFO[m] Processing change of com.karsun:cicddemo:1.0.1-SNAPSHOT -> 1.0.1
[[1;34mINFO[m] Processing com.karsun:cicddemo
[[1;34mINFO[m]     Updating project com.karsun:cicddemo
[[1;34mINFO[m]         from version 1.0.1-SNAPSHOT to 1.0.1
[[1;34mINFO[m] 
[[1;34mINFO[m] [1m------------------------------------------------------------------------[m
[[1;34mINFO[m] [1;32mBUILD SUCCESS[m
[[1;34mINFO[m] [1m------------------------------------------------------------------------[m
[[1;34mINFO[m] Total time: 1.968 s
[[1;34mINFO[m] Finished at: 2017-07-25T19:40:31Z
[[1;34mINFO[m] Final Memory: 24M/217M
[[1;34mINFO[m] [1m------------------------------------------------------------------------[m
[m[[1;34mINFO[m] Scanning for projects...
[[1;34mINFO[m] 
[[1;34mINFO[m] [1m------------------------------------------------------------------------[m
[[1;34mINFO[m] [1mBuilding cicddemo 1.0.1[m
[[1;34mINFO[m] [1m------------------------------------------------------------------------[m
[[1;34mINFO[m] 
[[1;34mINFO[m] [1m--- [0;32mversions-maven-plugin:2.2:commit[m [1m(default-cli)[m @ [36mcicddemo[0;1m ---[m
[[1;34mINFO[m] Accepting all changes to /var/lib/jenkins/workspace/cicdRFIReleaseMaster/pom.xml
[[1;34mINFO[m] [1m------------------------------------------------------------------------[m
[[1;34mINFO[m] [1;32mBUILD SUCCESS[m
[[1;34mINFO[m] [1m------------------------------------------------------------------------[m
[[1;34mINFO[m] Total time: 2.083 s
[[1;34mINFO[m] Finished at: 2017-07-25T19:40:35Z
[[1;34mINFO[m] Final Memory: 22M/224M
[[1;34mINFO[m] [1m------------------------------------------------------------------------[m
[release/1.0 e2d8a20] Set release version 1.0.1
 1 file changed, 1 insertion(+), 1 deletion(-)
[[1;34mINFO[m] Scanning for projects...
[[1;34mINFO[m] 
[[1;34mINFO[m] [1m------------------------------------------------------------------------[m
[[1;34mINFO[m] [1mBuilding cicddemo 1.0.1[m
[[1;34mINFO[m] [1m------------------------------------------------------------------------[m
[[1;34mINFO[m] 
[[1;34mINFO[m] [1m--- [0;32mmaven-clean-plugin:2.6.1:clean[m [1m(default-clean)[m @ [36mcicddemo[0;1m ---[m
[[1;34mINFO[m] 
[[1;34mINFO[m] [1m--- [0;32mmaven-resources-plugin:2.6:resources[m [1m(default-resources)[m @ [36mcicddemo[0;1m ---[m
[[1;34mINFO[m] Using 'UTF-8' encoding to copy filtered resources.
[[1;34mINFO[m] skip non existing resourceDirectory /var/lib/jenkins/workspace/cicdRFIReleaseMaster/src/main/resources
[[1;34mINFO[m] skip non existing resourceDirectory /var/lib/jenkins/workspace/cicdRFIReleaseMaster/src/main/resources
[[1;34mINFO[m] 
[[1;34mINFO[m] [1m--- [0;32mmaven-compiler-plugin:3.1:compile[m [1m(default-compile)[m @ [36mcicddemo[0;1m ---[m
[[1;34mINFO[m] Changes detected - recompiling the module!
[[1;34mINFO[m] Compiling 3 source files to /var/lib/jenkins/workspace/cicdRFIReleaseMaster/target/classes
[[1;34mINFO[m] 
[[1;34mINFO[m] [1m--- [0;32mmaven-resources-plugin:2.6:testResources[m [1m(default-testResources)[m @ [36mcicddemo[0;1m ---[m
[[1;34mINFO[m] Using 'UTF-8' encoding to copy filtered resources.
[[1;34mINFO[m] skip non existing resourceDirectory /var/lib/jenkins/workspace/cicdRFIReleaseMaster/src/test/resources
[[1;34mINFO[m] 
[[1;34mINFO[m] [1m--- [0;32mmaven-compiler-plugin:3.1:testCompile[m [1m(default-testCompile)[m @ [36mcicddemo[0;1m ---[m
[[1;34mINFO[m] Changes detected - recompiling the module!
[[1;34mINFO[m] Compiling 2 source files to /var/lib/jenkins/workspace/cicdRFIReleaseMaster/target/test-classes
[[1;34mINFO[m] 
[[1;34mINFO[m] [1m--- [0;32mmaven-surefire-plugin:2.18.1:test[m [1m(default-test)[m @ [36mcicddemo[0;1m ---[m
[[1;34mINFO[m] Surefire report directory: /var/lib/jenkins/workspace/cicdRFIReleaseMaster/target/surefire-reports

-------------------------------------------------------
 T E S T S
-------------------------------------------------------
19:40:40.939 [main] DEBUG org.springframework.test.context.junit4.SpringJUnit4ClassRunner - SpringJUnit4ClassRunner constructor called with [class com.karsun.kic.test.RootRestControllerTest]
19:40:40.962 [main] DEBUG org.springframework.test.context.BootstrapUtils - Instantiating CacheAwareContextLoaderDelegate from class [org.springframework.test.context.cache.DefaultCacheAwareContextLoaderDelegate]
19:40:40.982 [main] DEBUG org.springframework.test.context.BootstrapUtils - Instantiating BootstrapContext using constructor [public org.springframework.test.context.support.DefaultBootstrapContext(java.lang.Class,org.springframework.test.context.CacheAwareContextLoaderDelegate)]
19:40:41.015 [main] DEBUG org.springframework.test.context.BootstrapUtils - Instantiating TestContextBootstrapper for test class [com.karsun.kic.test.RootRestControllerTest] from class [org.springframework.boot.test.context.SpringBootTestContextBootstrapper]
19:40:41.032 [main] INFO org.springframework.boot.test.context.SpringBootTestContextBootstrapper - Neither @ContextConfiguration nor @ContextHierarchy found for test class [com.karsun.kic.test.RootRestControllerTest], using SpringBootContextLoader
19:40:41.037 [main] DEBUG org.springframework.test.context.support.AbstractContextLoader - Did not detect default resource location for test class [com.karsun.kic.test.RootRestControllerTest]: class path resource [com/karsun/kic/test/RootRestControllerTest-context.xml] does not exist
19:40:41.037 [main] DEBUG org.springframework.test.context.support.AbstractContextLoader - Did not detect default resource location for test class [com.karsun.kic.test.RootRestControllerTest]: class path resource [com/karsun/kic/test/RootRestControllerTestContext.groovy] does not exist
19:40:41.038 [main] INFO org.springframework.test.context.support.AbstractContextLoader - Could not detect default resource locations for test class [com.karsun.kic.test.RootRestControllerTest]: no resource found for suffixes {-context.xml, Context.groovy}.
19:40:41.039 [main] INFO org.springframework.test.context.support.AnnotationConfigContextLoaderUtils - Could not detect default configuration classes for test class [com.karsun.kic.test.RootRestControllerTest]: RootRestControllerTest does not declare any static, non-private, non-final, nested classes annotated with @Configuration.
19:40:41.112 [main] DEBUG org.springframework.test.context.support.ActiveProfilesUtils - Could not find an 'annotation declaring class' for annotation type [org.springframework.test.context.ActiveProfiles] and class [com.karsun.kic.test.RootRestControllerTest]
19:40:41.122 [main] DEBUG org.springframework.core.env.StandardEnvironment - Adding [systemProperties] PropertySource with lowest search precedence
19:40:41.124 [main] DEBUG org.springframework.core.env.StandardEnvironment - Adding [systemEnvironment] PropertySource with lowest search precedence
19:40:41.124 [main] DEBUG org.springframework.core.env.StandardEnvironment - Initialized StandardEnvironment with PropertySources [systemProperties,systemEnvironment]
19:40:41.138 [main] DEBUG org.springframework.core.io.support.PathMatchingResourcePatternResolver - Resolved classpath location [com/karsun/kic/test/] to resources [URL [file:/var/lib/jenkins/workspace/cicdRFIReleaseMaster/target/test-classes/com/karsun/kic/test/]]
19:40:41.139 [main] DEBUG org.springframework.core.io.support.PathMatchingResourcePatternResolver - Looking for matching resources in directory tree [/var/lib/jenkins/workspace/cicdRFIReleaseMaster/target/test-classes/com/karsun/kic/test]
19:40:41.140 [main] DEBUG org.springframework.core.io.support.PathMatchingResourcePatternResolver - Searching directory [/var/lib/jenkins/workspace/cicdRFIReleaseMaster/target/test-classes/com/karsun/kic/test] for files matching pattern [/var/lib/jenkins/workspace/cicdRFIReleaseMaster/target/test-classes/com/karsun/kic/test/*.class]
19:40:41.144 [main] DEBUG org.springframework.core.io.support.PathMatchingResourcePatternResolver - Resolved location pattern [classpath*:com/karsun/kic/test/*.class] to resources [file [/var/lib/jenkins/workspace/cicdRFIReleaseMaster/target/test-classes/com/karsun/kic/test/RootRestControllerTest.class], file [/var/lib/jenkins/workspace/cicdRFIReleaseMaster/target/test-classes/com/karsun/kic/test/RootRestControllerTestSetup.class]]
19:40:41.166 [main] DEBUG org.springframework.core.io.support.PathMatchingResourcePatternResolver - Resolved classpath location [com/karsun/kic/] to resources [URL [file:/var/lib/jenkins/workspace/cicdRFIReleaseMaster/target/test-classes/com/karsun/kic/], URL [file:/var/lib/jenkins/workspace/cicdRFIReleaseMaster/target/classes/com/karsun/kic/]]
19:40:41.167 [main] DEBUG org.springframework.core.io.support.PathMatchingResourcePatternResolver - Looking for matching resources in directory tree [/var/lib/jenkins/workspace/cicdRFIReleaseMaster/target/test-classes/com/karsun/kic]
19:40:41.167 [main] DEBUG org.springframework.core.io.support.PathMatchingResourcePatternResolver - Searching directory [/var/lib/jenkins/workspace/cicdRFIReleaseMaster/target/test-classes/com/karsun/kic] for files matching pattern [/var/lib/jenkins/workspace/cicdRFIReleaseMaster/target/test-classes/com/karsun/kic/*.class]
19:40:41.168 [main] DEBUG org.springframework.core.io.support.PathMatchingResourcePatternResolver - Looking for matching resources in directory tree [/var/lib/jenkins/workspace/cicdRFIReleaseMaster/target/classes/com/karsun/kic]
19:40:41.168 [main] DEBUG org.springframework.core.io.support.PathMatchingResourcePatternResolver - Searching directory [/var/lib/jenkins/workspace/cicdRFIReleaseMaster/target/classes/com/karsun/kic] for files matching pattern [/var/lib/jenkins/workspace/cicdRFIReleaseMaster/target/classes/com/karsun/kic/*.class]
19:40:41.169 [main] DEBUG org.springframework.core.io.support.PathMatchingResourcePatternResolver - Resolved location pattern [classpath*:com/karsun/kic/*.class] to resources [file [/var/lib/jenkins/workspace/cicdRFIReleaseMaster/target/classes/com/karsun/kic/Application.class], file [/var/lib/jenkins/workspace/cicdRFIReleaseMaster/target/classes/com/karsun/kic/RootRestController.class], file [/var/lib/jenkins/workspace/cicdRFIReleaseMaster/target/classes/com/karsun/kic/SimpleCORSFilter.class]]
19:40:41.202 [main] DEBUG org.springframework.context.annotation.ClassPathScanningCandidateComponentProvider - Identified candidate component class: file [/var/lib/jenkins/workspace/cicdRFIReleaseMaster/target/classes/com/karsun/kic/Application.class]
19:40:41.215 [main] INFO org.springframework.boot.test.context.SpringBootTestContextBootstrapper - Found @SpringBootConfiguration com.karsun.kic.Application for test class com.karsun.kic.test.RootRestControllerTest
19:40:41.225 [main] DEBUG org.springframework.boot.test.context.SpringBootTestContextBootstrapper - @TestExecutionListeners is not present for class [com.karsun.kic.test.RootRestControllerTest]: using defaults.
19:40:41.232 [main] INFO org.springframework.boot.test.context.SpringBootTestContextBootstrapper - Loaded default TestExecutionListener class names from location [META-INF/spring.factories]: [org.springframework.boot.test.mock.mockito.MockitoTestExecutionListener, org.springframework.boot.test.mock.mockito.ResetMocksTestExecutionListener, org.springframework.boot.test.autoconfigure.restdocs.RestDocsTestExecutionListener, org.springframework.boot.test.autoconfigure.web.client.MockRestServiceServerResetTestExecutionListener, org.springframework.boot.test.autoconfigure.web.servlet.MockMvcPrintOnlyOnFailureTestExecutionListener, org.springframework.boot.test.autoconfigure.web.servlet.WebDriverTestExecutionListener, org.springframework.test.context.web.ServletTestExecutionListener, org.springframework.test.context.support.DirtiesContextBeforeModesTestExecutionListener, org.springframework.test.context.support.DependencyInjectionTestExecutionListener, org.springframework.test.context.support.DirtiesContextTestExecutionListener, org.springframework.test.context.transaction.TransactionalTestExecutionListener, org.springframework.test.context.jdbc.SqlScriptsTestExecutionListener]
19:40:41.254 [main] INFO org.springframework.boot.test.context.SpringBootTestContextBootstrapper - Could not instantiate TestExecutionListener [org.springframework.test.context.transaction.TransactionalTestExecutionListener]. Specify custom listener classes or make the default listener classes (and their required dependencies) available. Offending class: [org/springframework/transaction/TransactionDefinition]
19:40:41.258 [main] INFO org.springframework.boot.test.context.SpringBootTestContextBootstrapper - Could not instantiate TestExecutionListener [org.springframework.test.context.jdbc.SqlScriptsTestExecutionListener]. Specify custom listener classes or make the default listener classes (and their required dependencies) available. Offending class: [org/springframework/transaction/interceptor/TransactionAttribute]
19:40:41.258 [main] INFO org.springframework.boot.test.context.SpringBootTestContextBootstrapper - Using TestExecutionListeners: [org.springframework.test.context.web.ServletTestExecutionListener@6a79c292, org.springframework.test.context.support.DirtiesContextBeforeModesTestExecutionListener@37574691, org.springframework.boot.test.autoconfigure.SpringBootDependencyInjectionTestExecutionListener@25359ed8, org.springframework.test.context.support.DirtiesContextTestExecutionListener@21a947fe, org.springframework.boot.test.autoconfigure.web.servlet.MockMvcPrintOnlyOnFailureTestExecutionListener@5606c0b, org.springframework.boot.test.autoconfigure.web.servlet.WebDriverTestExecutionListener@80ec1f8, org.springframework.boot.test.mock.mockito.MockitoTestExecutionListener@1445d7f, org.springframework.boot.test.autoconfigure.restdocs.RestDocsTestExecutionListener@6a396c1e, org.springframework.boot.test.autoconfigure.web.client.MockRestServiceServerResetTestExecutionListener@6c3f5566, org.springframework.boot.test.mock.mockito.ResetMocksTestExecutionListener@12405818]
19:40:41.265 [main] DEBUG org.springframework.test.annotation.ProfileValueUtils - Retrieved @ProfileValueSourceConfiguration [null] for test class [com.karsun.kic.test.RootRestControllerTest]
19:40:41.265 [main] DEBUG org.springframework.test.annotation.ProfileValueUtils - Retrieved ProfileValueSource type [class org.springframework.test.annotation.SystemProfileValueSource] for class [com.karsun.kic.test.RootRestControllerTest]
Running com.karsun.kic.test.RootRestControllerTest
19:40:41.271 [main] DEBUG org.springframework.test.context.junit4.SpringJUnit4ClassRunner - SpringJUnit4ClassRunner constructor called with [class com.karsun.kic.test.RootRestControllerTest]
19:40:41.271 [main] DEBUG org.springframework.test.context.BootstrapUtils - Instantiating CacheAwareContextLoaderDelegate from class [org.springframework.test.context.cache.DefaultCacheAwareContextLoaderDelegate]
19:40:41.272 [main] DEBUG org.springframework.test.context.BootstrapUtils - Instantiating BootstrapContext using constructor [public org.springframework.test.context.support.DefaultBootstrapContext(java.lang.Class,org.springframework.test.context.CacheAwareContextLoaderDelegate)]
19:40:41.275 [main] DEBUG org.springframework.test.context.BootstrapUtils - Instantiating TestContextBootstrapper for test class [com.karsun.kic.test.RootRestControllerTest] from class [org.springframework.boot.test.context.SpringBootTestContextBootstrapper]
19:40:41.276 [main] INFO org.springframework.boot.test.context.SpringBootTestContextBootstrapper - Neither @ContextConfiguration nor @ContextHierarchy found for test class [com.karsun.kic.test.RootRestControllerTest], using SpringBootContextLoader
19:40:41.278 [main] DEBUG org.springframework.test.context.support.AbstractContextLoader - Did not detect default resource location for test class [com.karsun.kic.test.RootRestControllerTest]: class path resource [com/karsun/kic/test/RootRestControllerTest-context.xml] does not exist
19:40:41.278 [main] DEBUG org.springframework.test.context.support.AbstractContextLoader - Did not detect default resource location for test class [com.karsun.kic.test.RootRestControllerTest]: class path resource [com/karsun/kic/test/RootRestControllerTestContext.groovy] does not exist
19:40:41.282 [main] INFO org.springframework.test.context.support.AbstractContextLoader - Could not detect default resource locations for test class [com.karsun.kic.test.RootRestControllerTest]: no resource found for suffixes {-context.xml, Context.groovy}.
19:40:41.282 [main] INFO org.springframework.test.context.support.AnnotationConfigContextLoaderUtils - Could not detect default configuration classes for test class [com.karsun.kic.test.RootRestControllerTest]: RootRestControllerTest does not declare any static, non-private, non-final, nested classes annotated with @Configuration.
19:40:41.319 [main] DEBUG org.springframework.test.context.support.ActiveProfilesUtils - Could not find an 'annotation declaring class' for annotation type [org.springframework.test.context.ActiveProfiles] and class [com.karsun.kic.test.RootRestControllerTest]
19:40:41.321 [main] DEBUG org.springframework.core.env.StandardEnvironment - Adding [systemProperties] PropertySource with lowest search precedence
19:40:41.322 [main] DEBUG org.springframework.core.env.StandardEnvironment - Adding [systemEnvironment] PropertySource with lowest search precedence
19:40:41.322 [main] DEBUG org.springframework.core.env.StandardEnvironment - Initialized StandardEnvironment with PropertySources [systemProperties,systemEnvironment]
19:40:41.323 [main] INFO org.springframework.boot.test.context.SpringBootTestContextBootstrapper - Found @SpringBootConfiguration com.karsun.kic.Application for test class com.karsun.kic.test.RootRestControllerTest
19:40:41.332 [main] DEBUG org.springframework.boot.test.context.SpringBootTestContextBootstrapper - @TestExecutionListeners is not present for class [com.karsun.kic.test.RootRestControllerTest]: using defaults.
19:40:41.338 [main] INFO org.springframework.boot.test.context.SpringBootTestContextBootstrapper - Loaded default TestExecutionListener class names from location [META-INF/spring.factories]: [org.springframework.boot.test.mock.mockito.MockitoTestExecutionListener, org.springframework.boot.test.mock.mockito.ResetMocksTestExecutionListener, org.springframework.boot.test.autoconfigure.restdocs.RestDocsTestExecutionListener, org.springframework.boot.test.autoconfigure.web.client.MockRestServiceServerResetTestExecutionListener, org.springframework.boot.test.autoconfigure.web.servlet.MockMvcPrintOnlyOnFailureTestExecutionListener, org.springframework.boot.test.autoconfigure.web.servlet.WebDriverTestExecutionListener, org.springframework.test.context.web.ServletTestExecutionListener, org.springframework.test.context.support.DirtiesContextBeforeModesTestExecutionListener, org.springframework.test.context.support.DependencyInjectionTestExecutionListener, org.springframework.test.context.support.DirtiesContextTestExecutionListener, org.springframework.test.context.transaction.TransactionalTestExecutionListener, org.springframework.test.context.jdbc.SqlScriptsTestExecutionListener]
19:40:41.342 [main] INFO org.springframework.boot.test.context.SpringBootTestContextBootstrapper - Could not instantiate TestExecutionListener [org.springframework.test.context.transaction.TransactionalTestExecutionListener]. Specify custom listener classes or make the default listener classes (and their required dependencies) available. Offending class: [org/springframework/transaction/TransactionDefinition]
19:40:41.343 [main] INFO org.springframework.boot.test.context.SpringBootTestContextBootstrapper - Could not instantiate TestExecutionListener [org.springframework.test.context.jdbc.SqlScriptsTestExecutionListener]. Specify custom listener classes or make the default listener classes (and their required dependencies) available. Offending class: [org/springframework/transaction/interceptor/TransactionAttribute]
19:40:41.344 [main] INFO org.springframework.boot.test.context.SpringBootTestContextBootstrapper - Using TestExecutionListeners: [org.springframework.test.context.web.ServletTestExecutionListener@2d2e5f00, org.springframework.test.context.support.DirtiesContextBeforeModesTestExecutionListener@4c40b76e, org.springframework.boot.test.autoconfigure.SpringBootDependencyInjectionTestExecutionListener@2ea6137, org.springframework.test.context.support.DirtiesContextTestExecutionListener@41ee392b, org.springframework.boot.test.autoconfigure.web.servlet.MockMvcPrintOnlyOnFailureTestExecutionListener@1e67a849, org.springframework.boot.test.autoconfigure.web.servlet.WebDriverTestExecutionListener@57d5872c, org.springframework.boot.test.mock.mockito.MockitoTestExecutionListener@667a738, org.springframework.boot.test.autoconfigure.restdocs.RestDocsTestExecutionListener@36f0f1be, org.springframework.boot.test.autoconfigure.web.client.MockRestServiceServerResetTestExecutionListener@157632c9, org.springframework.boot.test.mock.mockito.ResetMocksTestExecutionListener@6ee12bac]
19:40:41.344 [main] DEBUG org.springframework.test.annotation.ProfileValueUtils - Retrieved @ProfileValueSourceConfiguration [null] for test class [com.karsun.kic.test.RootRestControllerTest]
19:40:41.345 [main] DEBUG org.springframework.test.annotation.ProfileValueUtils - Retrieved ProfileValueSource type [class org.springframework.test.annotation.SystemProfileValueSource] for class [com.karsun.kic.test.RootRestControllerTest]
19:40:41.345 [main] DEBUG org.springframework.test.annotation.ProfileValueUtils - Retrieved @ProfileValueSourceConfiguration [null] for test class [com.karsun.kic.test.RootRestControllerTest]
19:40:41.346 [main] DEBUG org.springframework.test.annotation.ProfileValueUtils - Retrieved ProfileValueSource type [class org.springframework.test.annotation.SystemProfileValueSource] for class [com.karsun.kic.test.RootRestControllerTest]
19:40:41.352 [main] DEBUG org.springframework.test.context.support.AbstractDirtiesContextTestExecutionListener - Before test class: context [DefaultTestContext@52e677af testClass = RootRestControllerTest, testInstance = [null], testMethod = [null], testException = [null], mergedContextConfiguration = [WebMergedContextConfiguration@35083305 testClass = RootRestControllerTest, locations = '{}', classes = '{class com.karsun.kic.Application}', contextInitializerClasses = '[]', activeProfiles = '{}', propertySourceLocations = '{}', propertySourceProperties = '{org.springframework.boot.test.context.SpringBootTestContextBootstrapper=true}', contextCustomizers = set[[ImportsContextCustomizer@8e0379d key = [Package Import com.karsun.kic.test, org.springframework.boot.test.autoconfigure.web.servlet.MockMvcAutoConfiguration, org.springframework.boot.test.autoconfigure.web.servlet.MockMvcSecurityAutoConfiguration, org.springframework.boot.test.autoconfigure.web.servlet.MockMvcWebClientAutoConfiguration, org.springframework.boot.test.autoconfigure.web.servlet.MockMvcWebDriverAutoConfiguration]], org.springframework.boot.test.context.SpringBootTestContextCustomizer@76707e36, org.springframework.boot.test.context.filter.ExcludeFilterContextCustomizer@694e1548, org.springframework.boot.test.mock.mockito.MockitoContextCustomizer@0, org.springframework.boot.test.autoconfigure.properties.PropertyMappingContextCustomizer@e7e8512, org.springframework.boot.test.autoconfigure.web.servlet.WebDriverContextCustomizerFactory$Customizer@1b68ddbd], resourceBasePath = 'src/main/webapp', contextLoader = 'org.springframework.boot.test.context.SpringBootContextLoader', parent = [null]]], class annotated with @DirtiesContext [false] with mode [null].
19:40:41.354 [main] DEBUG org.springframework.test.annotation.ProfileValueUtils - Retrieved @ProfileValueSourceConfiguration [null] for test class [com.karsun.kic.test.RootRestControllerTest]
19:40:41.355 [main] DEBUG org.springframework.test.annotation.ProfileValueUtils - Retrieved ProfileValueSource type [class org.springframework.test.annotation.SystemProfileValueSource] for class [com.karsun.kic.test.RootRestControllerTest]
19:40:41.441 [main] DEBUG org.springframework.core.env.StandardEnvironment - Adding [systemProperties] PropertySource with lowest search precedence
19:40:41.441 [main] DEBUG org.springframework.core.env.StandardEnvironment - Adding [systemEnvironment] PropertySource with lowest search precedence
19:40:41.442 [main] DEBUG org.springframework.core.env.StandardEnvironment - Initialized StandardEnvironment with PropertySources [systemProperties,systemEnvironment]
19:40:41.448 [main] DEBUG org.springframework.core.env.MutablePropertySources - Adding [inline] PropertySource with highest search precedence
19:40:41.457 [main] DEBUG org.springframework.test.context.support.TestPropertySourceUtils - Adding inlined properties to environment: {spring.jmx.enabled=false, org.springframework.boot.test.context.SpringBootTestContextBootstrapper=true, server.port=-1}
19:40:41.457 [main] DEBUG org.springframework.core.env.StandardEnvironment - Adding [Inlined Test Properties] PropertySource with highest search precedence

  .   ____          _            __ _ _
 /\\ / ___'_ __ _ _(_)_ __  __ _ \ \ \ \
( ( )\___ | '_ | '_| | '_ \/ _` | \ \ \ \
 \\/  ___)| |_)| | | | | || (_| |  ) ) ) )
  '  |____| .__|_| |_|_| |_\__, | / / / /
 =========|_|==============|___/=/_/_/_/
 :: Spring Boot ::        (v1.5.3.RELEASE)

2017-07-25 19:40:41.922  INFO 18600 --- [           main] c.k.kic.test.RootRestControllerTest      : Starting RootRestControllerTest on ip-172-19-1-68 with PID 18600 (started by jenkins in /var/lib/jenkins/workspace/cicdRFIReleaseMaster)
2017-07-25 19:40:41.927  INFO 18600 --- [           main] c.k.kic.test.RootRestControllerTest      : No active profile set, falling back to default profiles: default
2017-07-25 19:40:41.983  INFO 18600 --- [           main] o.s.w.c.s.GenericWebApplicationContext   : Refreshing org.springframework.web.context.support.GenericWebApplicationContext@cad498c: startup date [Tue Jul 25 19:40:41 UTC 2017]; root of context hierarchy
2017-07-25 19:40:44.665  INFO 18600 --- [           main] o.s.b.t.m.w.SpringBootMockServletContext : Initializing Spring FrameworkServlet ''
2017-07-25 19:40:44.666  INFO 18600 --- [           main] o.s.t.web.servlet.TestDispatcherServlet  : FrameworkServlet '': initialization started
2017-07-25 19:40:45.003  INFO 18600 --- [           main] s.w.s.m.m.a.RequestMappingHandlerMapping : Mapped "{[/]}" onto public java.lang.String com.karsun.kic.RootRestController.createIndexFile()
2017-07-25 19:40:45.008  INFO 18600 --- [           main] s.w.s.m.m.a.RequestMappingHandlerMapping : Mapped "{[/error],produces=[text/html]}" onto public org.springframework.web.servlet.ModelAndView org.springframework.boot.autoconfigure.web.BasicErrorController.errorHtml(javax.servlet.http.HttpServletRequest,javax.servlet.http.HttpServletResponse)
2017-07-25 19:40:45.009  INFO 18600 --- [           main] s.w.s.m.m.a.RequestMappingHandlerMapping : Mapped "{[/error]}" onto public org.springframework.http.ResponseEntity<java.util.Map<java.lang.String, java.lang.Object>> org.springframework.boot.autoconfigure.web.BasicErrorController.error(javax.servlet.http.HttpServletRequest)
2017-07-25 19:40:45.051  INFO 18600 --- [           main] o.s.w.s.handler.SimpleUrlHandlerMapping  : Mapped URL path [/webjars/**] onto handler of type [class org.springframework.web.servlet.resource.ResourceHttpRequestHandler]
2017-07-25 19:40:45.052  INFO 18600 --- [           main] o.s.w.s.handler.SimpleUrlHandlerMapping  : Mapped URL path [/**] onto handler of type [class org.springframework.web.servlet.resource.ResourceHttpRequestHandler]
2017-07-25 19:40:45.072  INFO 18600 --- [           main] o.s.w.s.handler.SimpleUrlHandlerMapping  : Mapped URL path [/**/favicon.ico] onto handler of type [class org.springframework.web.servlet.resource.ResourceHttpRequestHandler]
2017-07-25 19:40:45.355  INFO 18600 --- [           main] o.s.b.a.e.mvc.EndpointHandlerMapping     : Mapped "{[/auditevents || /auditevents.json],methods=[GET],produces=[application/vnd.spring-boot.actuator.v1+json || application/json]}" onto public org.springframework.http.ResponseEntity<?> org.springframework.boot.actuate.endpoint.mvc.AuditEventsMvcEndpoint.findByPrincipalAndAfterAndType(java.lang.String,java.util.Date,java.lang.String)
2017-07-25 19:40:45.357  INFO 18600 --- [           main] o.s.b.a.e.mvc.EndpointHandlerMapping     : Mapped "{[/env/{name:.*}],methods=[GET],produces=[application/vnd.spring-boot.actuator.v1+json || application/json]}" onto public java.lang.Object org.springframework.boot.actuate.endpoint.mvc.EnvironmentMvcEndpoint.value(java.lang.String)
2017-07-25 19:40:45.358  INFO 18600 --- [           main] o.s.b.a.e.mvc.EndpointHandlerMapping     : Mapped "{[/env || /env.json],methods=[GET],produces=[application/vnd.spring-boot.actuator.v1+json || application/json]}" onto public java.lang.Object org.springframework.boot.actuate.endpoint.mvc.EndpointMvcAdapter.invoke()
2017-07-25 19:40:45.359  INFO 18600 --- [           main] o.s.b.a.e.mvc.EndpointHandlerMapping     : Mapped "{[/beans || /beans.json],methods=[GET],produces=[application/vnd.spring-boot.actuator.v1+json || application/json]}" onto public java.lang.Object org.springframework.boot.actuate.endpoint.mvc.EndpointMvcAdapter.invoke()
2017-07-25 19:40:45.361  INFO 18600 --- [           main] o.s.b.a.e.mvc.EndpointHandlerMapping     : Mapped "{[/trace || /trace.json],methods=[GET],produces=[application/vnd.spring-boot.actuator.v1+json || application/json]}" onto public java.lang.Object org.springframework.boot.actuate.endpoint.mvc.EndpointMvcAdapter.invoke()
2017-07-25 19:40:45.362  INFO 18600 --- [           main] o.s.b.a.e.mvc.EndpointHandlerMapping     : Mapped "{[/configprops || /configprops.json],methods=[GET],produces=[application/vnd.spring-boot.actuator.v1+json || application/json]}" onto public java.lang.Object org.springframework.boot.actuate.endpoint.mvc.EndpointMvcAdapter.invoke()
2017-07-25 19:40:45.363  INFO 18600 --- [           main] o.s.b.a.e.mvc.EndpointHandlerMapping     : Mapped "{[/health || /health.json],methods=[GET],produces=[application/vnd.spring-boot.actuator.v1+json || application/json]}" onto public java.lang.Object org.springframework.boot.actuate.endpoint.mvc.HealthMvcEndpoint.invoke(javax.servlet.http.HttpServletRequest,java.security.Principal)
2017-07-25 19:40:45.365  INFO 18600 --- [           main] o.s.b.a.e.mvc.EndpointHandlerMapping     : Mapped "{[/info || /info.json],methods=[GET],produces=[application/vnd.spring-boot.actuator.v1+json || application/json]}" onto public java.lang.Object org.springframework.boot.actuate.endpoint.mvc.EndpointMvcAdapter.invoke()
2017-07-25 19:40:45.370  INFO 18600 --- [           main] o.s.b.a.e.mvc.EndpointHandlerMapping     : Mapped "{[/mappings || /mappings.json],methods=[GET],produces=[application/vnd.spring-boot.actuator.v1+json || application/json]}" onto public java.lang.Object org.springframework.boot.actuate.endpoint.mvc.EndpointMvcAdapter.invoke()
2017-07-25 19:40:45.373  INFO 18600 --- [           main] o.s.b.a.e.mvc.EndpointHandlerMapping     : Mapped "{[/autoconfig || /autoconfig.json],methods=[GET],produces=[application/vnd.spring-boot.actuator.v1+json || application/json]}" onto public java.lang.Object org.springframework.boot.actuate.endpoint.mvc.EndpointMvcAdapter.invoke()
2017-07-25 19:40:45.374  INFO 18600 --- [           main] o.s.b.a.e.mvc.EndpointHandlerMapping     : Mapped "{[/heapdump || /heapdump.json],methods=[GET],produces=[application/octet-stream]}" onto public void org.springframework.boot.actuate.endpoint.mvc.HeapdumpMvcEndpoint.invoke(boolean,javax.servlet.http.HttpServletRequest,javax.servlet.http.HttpServletResponse) throws java.io.IOException,javax.servlet.ServletException
2017-07-25 19:40:45.376  INFO 18600 --- [           main] o.s.b.a.e.mvc.EndpointHandlerMapping     : Mapped "{[/metrics/{name:.*}],methods=[GET],produces=[application/vnd.spring-boot.actuator.v1+json || application/json]}" onto public java.lang.Object org.springframework.boot.actuate.endpoint.mvc.MetricsMvcEndpoint.value(java.lang.String)
2017-07-25 19:40:45.376  INFO 18600 --- [           main] o.s.b.a.e.mvc.EndpointHandlerMapping     : Mapped "{[/metrics || /metrics.json],methods=[GET],produces=[application/vnd.spring-boot.actuator.v1+json || application/json]}" onto public java.lang.Object org.springframework.boot.actuate.endpoint.mvc.EndpointMvcAdapter.invoke()
2017-07-25 19:40:45.377  INFO 18600 --- [           main] o.s.b.a.e.mvc.EndpointHandlerMapping     : Mapped "{[/dump || /dump.json],methods=[GET],produces=[application/vnd.spring-boot.actuator.v1+json || application/json]}" onto public java.lang.Object org.springframework.boot.actuate.endpoint.mvc.EndpointMvcAdapter.invoke()
2017-07-25 19:40:45.383  INFO 18600 --- [           main] o.s.b.a.e.mvc.EndpointHandlerMapping     : Mapped "{[/loggers/{name:.*}],methods=[GET],produces=[application/vnd.spring-boot.actuator.v1+json || application/json]}" onto public java.lang.Object org.springframework.boot.actuate.endpoint.mvc.LoggersMvcEndpoint.get(java.lang.String)
2017-07-25 19:40:45.387  INFO 18600 --- [           main] o.s.b.a.e.mvc.EndpointHandlerMapping     : Mapped "{[/loggers/{name:.*}],methods=[POST],consumes=[application/vnd.spring-boot.actuator.v1+json || application/json],produces=[application/vnd.spring-boot.actuator.v1+json || application/json]}" onto public java.lang.Object org.springframework.boot.actuate.endpoint.mvc.LoggersMvcEndpoint.set(java.lang.String,java.util.Map<java.lang.String, java.lang.String>)
2017-07-25 19:40:45.389  INFO 18600 --- [           main] o.s.b.a.e.mvc.EndpointHandlerMapping     : Mapped "{[/loggers || /loggers.json],methods=[GET],produces=[application/vnd.spring-boot.actuator.v1+json || application/json]}" onto public java.lang.Object org.springframework.boot.actuate.endpoint.mvc.EndpointMvcAdapter.invoke()
2017-07-25 19:40:45.438  INFO 18600 --- [           main] s.w.s.m.m.a.RequestMappingHandlerAdapter : Looking for @ControllerAdvice: org.springframework.web.context.support.GenericWebApplicationContext@cad498c: startup date [Tue Jul 25 19:40:41 UTC 2017]; root of context hierarchy
2017-07-25 19:40:45.573  INFO 18600 --- [           main] o.s.t.web.servlet.TestDispatcherServlet  : FrameworkServlet '': initialization completed in 907 ms
2017-07-25 19:40:45.918  INFO 18600 --- [           main] c.k.kic.test.RootRestControllerTest      : Started RootRestControllerTest in 4.438 seconds (JVM running for 5.4)
Tests run: 1, Failures: 0, Errors: 0, Skipped: 0, Time elapsed: 4.776 sec - in com.karsun.kic.test.RootRestControllerTest
2017-07-25 19:40:46.075  INFO 18600 --- [       Thread-3] o.s.w.c.s.GenericWebApplicationContext   : Closing org.springframework.web.context.support.GenericWebApplicationContext@cad498c: startup date [Tue Jul 25 19:40:41 UTC 2017]; root of context hierarchy

Results :

Tests run: 1, Failures: 0, Errors: 0, Skipped: 0

[[1;34mINFO[m] 
[[1;34mINFO[m] [1m--- [0;32mmaven-jar-plugin:2.6:jar[m [1m(default-jar)[m @ [36mcicddemo[0;1m ---[m
[[1;34mINFO[m] Building jar: /var/lib/jenkins/workspace/cicdRFIReleaseMaster/target/cicddemo-1.0.1.jar
[[1;34mINFO[m] 
[[1;34mINFO[m] [1m--- [0;32mspring-boot-maven-plugin:1.5.3.RELEASE:repackage[m [1m(default)[m @ [36mcicddemo[0;1m ---[m
[[1;34mINFO[m] 
[[1;34mINFO[m] [1m--- [0;32mdockerfile-maven-plugin:1.3.0:build[m [1m(default)[m @ [36mcicddemo[0;1m ---[m
[[1;34mINFO[m] Building Docker context /var/lib/jenkins/workspace/cicdRFIReleaseMaster
[[1;34mINFO[m] 
[[1;34mINFO[m] Image will be built as ramindersaluja/cicddemo:1.0.1
[[1;34mINFO[m] 
[[1;34mINFO[m] Step 1/15 : FROM openjdk:8-jre-alpine
[[1;34mINFO[m] Pulling from library/openjdk
[[1;34mINFO[m] Digest: sha256:74cafa4f3939e5da9970f990f273f3b89da7d889d77a40fb9673b33be86e8549
[[1;34mINFO[m] Status: Image is up to date for openjdk:8-jre-alpine
[[1;34mINFO[m]  ---> c4f9d77cd2a1
[[1;34mINFO[m] Step 2/15 : ENV APP_HOME /opt/application
[[1;34mINFO[m]  ---> Using cache
[[1;34mINFO[m]  ---> 3bd53a66a738
[[1;34mINFO[m] Step 3/15 : ARG jarFileName
[[1;34mINFO[m]  ---> Using cache
[[1;34mINFO[m]  ---> b93aab8a688d
[[1;34mINFO[m] Step 4/15 : EXPOSE 8080
[[1;34mINFO[m]  ---> Using cache
[[1;34mINFO[m]  ---> 5e27d403e5db
[[1;34mINFO[m] Step 5/15 : ENV RUN_USER tenant
[[1;34mINFO[m]  ---> Using cache
[[1;34mINFO[m]  ---> 278df44ed5d4
[[1;34mINFO[m] Step 6/15 : ENV RUN_GROUP tenant
[[1;34mINFO[m]  ---> Using cache
[[1;34mINFO[m]  ---> 42d9393c331c
[[1;34mINFO[m] Step 7/15 : RUN addgroup -g 1014 -S tenant     && adduser  -u 1014 -D -S -G tenant tenant     && mkdir -p ${APP_HOME}/logs     && mkdir -p ${APP_HOME}/app
[[1;34mINFO[m]  ---> Using cache
[[1;34mINFO[m]  ---> b0ff199e9096
[[1;34mINFO[m] Step 8/15 : VOLUME ["$APP_HOME/logs", "$APP_HOME/app", /tmp]
[[1;34mINFO[m]  ---> Using cache
[[1;34mINFO[m]  ---> d5a42ea9a695
[[1;34mINFO[m] Step 9/15 : WORKDIR $APP_HOME
[[1;34mINFO[m]  ---> Using cache
[[1;34mINFO[m]  ---> c797daca2d57
[[1;34mINFO[m] Step 10/15 : COPY run.sh $APP_HOME/
[[1;34mINFO[m]  ---> Using cache
[[1;34mINFO[m]  ---> 4d0a366557d2
[[1;34mINFO[m] Step 11/15 : COPY target/${jarFileName}.jar $APP_HOME/
[[1;31mERROR[m] lstat target/.jar: no such file or directory
[[1;33mWARNING[m] An attempt failed, will retry 1 more times
org.apache.maven.plugin.MojoExecutionException: Could not build image
	at com.spotify.plugin.dockerfile.BuildMojo.buildImage(BuildMojo.java:164)
	at com.spotify.plugin.dockerfile.BuildMojo.execute(BuildMojo.java:95)
	at com.spotify.plugin.dockerfile.AbstractDockerMojo.tryExecute(AbstractDockerMojo.java:219)
	at com.spotify.plugin.dockerfile.AbstractDockerMojo.execute(AbstractDockerMojo.java:208)
	at org.apache.maven.plugin.DefaultBuildPluginManager.executeMojo(DefaultBuildPluginManager.java:134)
	at org.apache.maven.lifecycle.internal.MojoExecutor.execute(MojoExecutor.java:208)
	at org.apache.maven.lifecycle.internal.MojoExecutor.execute(MojoExecutor.java:154)
	at org.apache.maven.lifecycle.internal.MojoExecutor.execute(MojoExecutor.java:146)
	at org.apache.maven.lifecycle.internal.LifecycleModuleBuilder.buildProject(LifecycleModuleBuilder.java:117)
	at org.apache.maven.lifecycle.internal.LifecycleModuleBuilder.buildProject(LifecycleModuleBuilder.java:81)
	at org.apache.maven.lifecycle.internal.builder.singlethreaded.SingleThreadedBuilder.build(SingleThreadedBuilder.java:51)
	at org.apache.maven.lifecycle.internal.LifecycleStarter.execute(LifecycleStarter.java:128)
	at org.apache.maven.DefaultMaven.doExecute(DefaultMaven.java:309)
	at org.apache.maven.DefaultMaven.doExecute(DefaultMaven.java:194)
	at org.apache.maven.DefaultMaven.execute(DefaultMaven.java:107)
	at org.apache.maven.cli.MavenCli.execute(MavenCli.java:993)
	at org.apache.maven.cli.MavenCli.doMain(MavenCli.java:345)
	at org.apache.maven.cli.MavenCli.main(MavenCli.java:191)
	at sun.reflect.NativeMethodAccessorImpl.invoke0(Native Method)
	at sun.reflect.NativeMethodAccessorImpl.invoke(NativeMethodAccessorImpl.java:62)
	at sun.reflect.DelegatingMethodAccessorImpl.invoke(DelegatingMethodAccessorImpl.java:43)
	at java.lang.reflect.Method.invoke(Method.java:498)
	at org.codehaus.plexus.classworlds.launcher.Launcher.launchEnhanced(Launcher.java:289)
	at org.codehaus.plexus.classworlds.launcher.Launcher.launch(Launcher.java:229)
	at org.codehaus.plexus.classworlds.launcher.Launcher.mainWithExitCode(Launcher.java:415)
	at org.codehaus.plexus.classworlds.launcher.Launcher.main(Launcher.java:356)
Caused by: com.spotify.docker.client.exceptions.DockerException: lstat target/.jar: no such file or directory
	at com.spotify.plugin.dockerfile.LoggingProgressHandler.handleError(LoggingProgressHandler.java:105)
	at com.spotify.plugin.dockerfile.LoggingProgressHandler.progress(LoggingProgressHandler.java:63)
	at com.spotify.docker.client.DefaultDockerClient.build(DefaultDockerClient.java:1389)
	at com.spotify.docker.client.DefaultDockerClient.build(DefaultDockerClient.java:1348)
	at com.spotify.plugin.dockerfile.BuildMojo.buildImage(BuildMojo.java:157)
	... 25 more
[[1;34mINFO[m] Building Docker context /var/lib/jenkins/workspace/cicdRFIReleaseMaster
[[1;34mINFO[m] 
[[1;34mINFO[m] Image will be built as ramindersaluja/cicddemo:1.0.1
[[1;34mINFO[m] 
[[1;34mINFO[m] Step 1/15 : FROM openjdk:8-jre-alpine
[[1;34mINFO[m] Pulling from library/openjdk
[[1;34mINFO[m] Digest: sha256:74cafa4f3939e5da9970f990f273f3b89da7d889d77a40fb9673b33be86e8549
[[1;34mINFO[m] Status: Image is up to date for openjdk:8-jre-alpine
[[1;34mINFO[m]  ---> c4f9d77cd2a1
[[1;34mINFO[m] Step 2/15 : ENV APP_HOME /opt/application
[[1;34mINFO[m]  ---> Using cache
[[1;34mINFO[m]  ---> 3bd53a66a738
[[1;34mINFO[m] Step 3/15 : ARG jarFileName
[[1;34mINFO[m]  ---> Using cache
[[1;34mINFO[m]  ---> b93aab8a688d
[[1;34mINFO[m] Step 4/15 : EXPOSE 8080
[[1;34mINFO[m]  ---> Using cache
[[1;34mINFO[m]  ---> 5e27d403e5db
[[1;34mINFO[m] Step 5/15 : ENV RUN_USER tenant
[[1;34mINFO[m]  ---> Using cache
[[1;34mINFO[m]  ---> 278df44ed5d4
[[1;34mINFO[m] Step 6/15 : ENV RUN_GROUP tenant
[[1;34mINFO[m]  ---> Using cache
[[1;34mINFO[m]  ---> 42d9393c331c
[[1;34mINFO[m] Step 7/15 : RUN addgroup -g 1014 -S tenant     && adduser  -u 1014 -D -S -G tenant tenant     && mkdir -p ${APP_HOME}/logs     && mkdir -p ${APP_HOME}/app
[[1;34mINFO[m]  ---> Using cache
[[1;34mINFO[m]  ---> b0ff199e9096
[[1;34mINFO[m] Step 8/15 : VOLUME ["$APP_HOME/logs", "$APP_HOME/app", /tmp]
[[1;34mINFO[m]  ---> Using cache
[[1;34mINFO[m]  ---> d5a42ea9a695
[[1;34mINFO[m] Step 9/15 : WORKDIR $APP_HOME
[[1;34mINFO[m]  ---> Using cache
[[1;34mINFO[m]  ---> c797daca2d57
[[1;34mINFO[m] Step 10/15 : COPY run.sh $APP_HOME/
[[1;34mINFO[m]  ---> Using cache
[[1;34mINFO[m]  ---> 4d0a366557d2
[[1;34mINFO[m] Step 11/15 : COPY target/${jarFileName}.jar $APP_HOME/
[[1;31mERROR[m] lstat target/.jar: no such file or directory
[[1;34mINFO[m] [1m------------------------------------------------------------------------[m
[[1;34mINFO[m] [1;31mBUILD FAILURE[m
[[1;34mINFO[m] [1m------------------------------------------------------------------------[m
[[1;34mINFO[m] Total time: 16.657 s
[[1;34mINFO[m] Finished at: 2017-07-25T19:40:53Z
[[1;34mINFO[m] Final Memory: 46M/349M
[[1;34mINFO[m] [1m------------------------------------------------------------------------[m
[[1;33mWARNING[m] The requested profile "default" could not be activated because it does not exist.
[[1;33mWARNING[m] The requested profile "release" could not be activated because it does not exist.
[[1;31mERROR[m] Failed to execute goal [32mcom.spotify:dockerfile-maven-plugin:1.3.0:build[m [1m(default)[m on project [36mcicddemo[m: [1;31mCould not build image[m: lstat target/.jar: no such file or directory -> [1m[Help 1][m
[[1;31mERROR[m] 
[[1;31mERROR[m] To see the full stack trace of the errors, re-run Maven with the [1m-e[m switch.
[[1;31mERROR[m] Re-run Maven using the [1m-X[m switch to enable full debug logging.
[[1;31mERROR[m] 
[[1;31mERROR[m] For more information about the errors and possible solutions, please read the following articles:
[[1;31mERROR[m] [1m[Help 1][m http://cwiki.apache.org/confluence/display/MAVEN/MojoExecutionException
Build step 'Execute shell' marked build as failure
Finished: FAILURE
